{ Using PSTWRITER 17.2.0 d001Jun-16-2020 at 12:24:57 }

#1 WARNING(ORCAP-36038): "No_connect" property on Pin "U3.11" ignored for U3: SCHEMATIC1, 2.MCU (7.80, 1.00). Connecting pin to net "RS485_RDE_MASTER".
#2 WARNING(ORCAP-36038): "No_connect" property on Pin "B1.2" ignored for B1: SCHEMATIC1, 2.MCU (5.90, 6.60). Connecting pin to net "GND".
#3 WARNING(ORCAP-36038): "No_connect" property on Pin "U10.1" ignored for U10: SCHEMATIC1, 4.RAK4600 (3.20, 2.20). Connecting pin to net "GND".
#4 WARNING(ORCAP-36038): "No_connect" property on Pin "U10.13" ignored for U10: SCHEMATIC1, 4.RAK4600 (3.20, 2.20). Connecting pin to net "GND".
#5 WARNING(ORCAP-36038): "No_connect" property on Pin "U10.12" ignored for U10: SCHEMATIC1, 4.RAK4600 (3.20, 2.20). Connecting pin to net "GND".
#6 WARNING(ORCAP-36038): "No_connect" property on Pin "U3.1" ignored for U3: SCHEMATIC1, 2.MCU (7.80, 1.00). Connecting pin to net "VCC3.3V".
#7 WARNING(ORCAP-36038): "No_connect" property on Pin "U3.44" ignored for U3: SCHEMATIC1, 2.MCU (7.80, 1.00). Connecting pin to net "N8130573".
#8 WARNING(ORCAP-36038): "No_connect" property on Pin "U3.10" ignored for U3: SCHEMATIC1, 2.MCU (7.80, 1.00). Connecting pin to net "LIGHT_SEN_ADC".
#9 WARNING(ORCAP-36038): "No_connect" property on Pin "U10.24" ignored for U10: SCHEMATIC1, 4.RAK4600 (3.20, 2.20). Connecting pin to net "P0.17".
#10 WARNING(ORCAP-36006): Part Name "SW PUSHBUTTON-SPST-2_0_B3U-1000P_RESET_B3U-1000P" is renamed to "SW PUSHBUTTON-SPST-2_0_B3U-1000".
#11 WARNING(ORCAP-36006): Part Name "CAP NP_0_C0603_0.1UF_C0603C104K8RACTU" is renamed to "CAP NP_0_C0603_0.1UF_C0603C104K".
#12 WARNING(ORCAP-36006): Part Name "CAP NP_0_C0603_0.1UF/6.3V_C0603C104K8RACTU" is renamed to "CAP NP_0_C0603_0.1UF/6.3V_C0603".
#13 WARNING(ORCAP-36006): Part Name "CAP NP_0_C0603_18PF_CL10C180JB8NNNC" is renamed to "CAP NP_0_C0603_18PF_CL10C180JB8".
#14 WARNING(ORCAP-36006): Part Name "CAP NP_C0603_DISCRETE_100NF_C0603C104K8RACTU" is renamed to "CAP NP_C0603_DISCRETE_100NF_C06".
#15 WARNING(ORCAP-36006): Part Name "ANTENNA_1_SMA_EDGE_ANTENNA_OPTION1" is renamed to "ANTENNA_1_SMA_EDGE_ANTENNA_OPTI".
#16 WARNING(ORCAP-36006): Part Name "HEADER 2_HEADER2-PITCH3P96-B2P_VH_BAT" is renamed to "HEADER 2_HEADER2-PITCH3P96-B2P_".
#17 WARNING(ORCAP-36006): Part Name "CONN JACK PWR_CONN_JACK_DC_12VDC" is renamed to "CONN JACK PWR_CONN_JACK_DC_12VD".
#18 WARNING(ORCAP-36006): Part Name "HEADER 3_HEADER3PITCH100MIL_MCU_DBG" is renamed to "HEADER 3_HEADER3PITCH100MIL_MCU".
#19 WARNING(ORCAP-36006): Part Name "HEADER 2_DOMINO2_5_RAS485_MASTER" is renamed to "HEADER 2_DOMINO2_5_RAS485_MASTE".
#20 WARNING(ORCAP-36006): Part Name "RESISTOR_0_R0603_4.7K_RC0603JR-074K7L" is renamed to "RESISTOR_0_R0603_4.7K_RC0603JR-".
#21 WARNING(ORCAP-36006): Part Name "RES-SM0402_0_R0603_DISCRETE_49.9K" is renamed to "RES-SM0402_0_R0603_DISCRETE_49.".
#22 WARNING(ORCAP-36006): Part Name "SW PUSHBUTTON-SPST-2_TACT_SWITCH_12X12X7MM_SMD_DETECT SW" is renamed to "SW PUSHBUTTON-SPST-2_TACT_SWITC".
#23 WARNING(ORCAP-36006): Part Name "RT9193-33GB_1_SOT-223_LM1117 5V_LM1117MPX-3.3/NOPB" is renamed to "RT9193-33GB_1_SOT-223_LM1117 5V".
#24 WARNING(ORCAP-36006): Part Name "STM32F103C8T6_LQFP_48_STM32F103C8T6" is renamed to "STM32F103C8T6_LQFP_48_STM32F103".
#25 WARNING(ORCAP-36006): Part Name "CRYSTAL-4_0_CRY3225_M_12M-18PPM_ABM8-12.000MHZ-B2-T" is renamed to "CRYSTAL-4_0_CRY3225_M_12M-18PPM".
INFO(ORCAP-36080): Scanning netlist files ...

Loading... C:\GIT\THESISLORAWANNODE\HW\RAK4600_SM32NODE\allegro/pstchip.dat

Loading... C:\GIT\THESISLORAWANNODE\HW\RAK4600_SM32NODE\allegro/pstchip.dat

Loading... C:\GIT\THESISLORAWANNODE\HW\RAK4600_SM32NODE\allegro/pstchip.dat

Loading... C:\GIT\THESISLORAWANNODE\HW\RAK4600_SM32NODE\allegro/pstxnet.dat
packaging the design view...