(---------------------------------------------------------------------)
(                                                                     )
(    NC DRILL Log                                                     )
(                                                                     )
(    Drawing          : STM32F103_RAK811_THESISNODE.brd               )
(    Software Version : 17.2S052                                      )
(    Date/Time        : Tue Jun 16 13:38:48 2020                      )
(                                                                     )
(---------------------------------------------------------------------)



 Processing NC Parameters file 'nc_param.txt' ...

 NC PARAMETERS
 -------------

 FORMAT   		2.5
 MACHINE-OFFSET		x:0.00000	y:0.00000   (inch)
 FEEDRATE		1
 COORDINATES		ABSOLUTE
 OUTPUT-UNITS		ENGLISH
 TOOL-ORDER		INCREASING
 REPEAT-CODES		YES
 SUPPRESS-LEAD-ZEROES	NO
 SUPPRESS-TRAIL-ZEROES	NO
 SUPPRESS-EQUAL		NO
 TOOL-SELECT		NO
 HEADER			none
 LEADER			12
 CODE			ASCII
 SEPARATE		NO
 SEPARATE-ROUTING	NO
 OPTIMIZE_DRILLING	NO
 ENHANCED_EXCELLON	NO
 SCALE			1.000000

 WARNING(SPMHMF-358): Design precision is the same as that of the drill output file data.
 WARNING(SPMHMF-359): Data rounding errors may still be possible.


 Drill files being output to directory 'C:/GIT/ThesisLorawanNode/HW/RAK811_STM32Node/RAK811_STM32Node' ...



     'STM32F103_RAK811_THESISNODE_repeat-1-2.drl' created for holes connecting TOP and BOTTOM
     ----------------------------------------------------------------------------------------

           Num     Size      +/- Tolerance     Plating   Quantity

            1.  24.0000    0.0000/  0.0000      PLATED         75
            2.  31.5000    0.0000/  0.0000      PLATED          2
            3.  35.0000    0.0000/  0.0000      PLATED          5
            4.  40.0000    0.0000/  0.0000      PLATED          3
            5.  40.0000    3.0000/  3.0000      PLATED         30
            6.  50.0000    0.0000/  0.0000      PLATED          6
            7.  55.0000    0.0000/  0.0000      PLATED         19
            8.  80.0000    0.0000/  0.0000      PLATED          2
            9. 120.0000    0.0000/  0.0000      PLATED          4

     ---- Total holes:                                        146

     ---- Total head travel:              5.69 feet (1.73 meters)

